Using pre-set license
Built from '2020.3/staging' branch; Version is '2020.3.3f1 (76626098c1c4) revision 7758432'; Using compiler version '192528614'; Build Type 'Release'
OS: 'Windows 10 Pro; OS build 19042.928; Version 2009; 64bit' Language: 'de' Physical Memory: 16312 MB
BatchMode: 1, IsHumanControllingUs: 0, StartBugReporterOnCrash: 0, Is64bit: 1, IsPro: 0

 COMMAND LINE ARGUMENTS:
C:\Program Files\Unity\Hub\Editor\2020.3.3f1\Editor\Unity.exe
-adb2
-batchMode
-noUpm
-name
AssetImportWorker0
-projectPath
C:/Users/nicoj/Unity/TowerDefense
-logFile
Logs/AssetImportWorker0.log
-srvPort
54741
Successfully changed project path to: C:/Users/nicoj/Unity/TowerDefense
C:/Users/nicoj/Unity/TowerDefense
Using Asset Import Pipeline V2.
Refreshing native plugins compatible for Editor in 20.97 ms, found 0 plugins.
Preloading 0 native plugins for Editor in 0.00 ms.
Initialize engine version: 2020.3.3f1 (76626098c1c4)
[Subsystems] Discovering subsystems at path C:/Program Files/Unity/Hub/Editor/2020.3.3f1/Editor/Data/Resources/UnitySubsystems
[Subsystems] Discovering subsystems at path C:/Users/nicoj/Unity/TowerDefense/Assets
GfxDevice: creating device client; threaded=0
Direct3D:
    Version:  Direct3D 11.0 [level 11.1]
    Renderer: NVIDIA GeForce RTX 3070 (ID=0x2484)
    Vendor:   
    VRAM:     8043 MB
    Driver:   27.21.14.5751
Initialize mono
Mono path[0] = 'C:/Program Files/Unity/Hub/Editor/2020.3.3f1/Editor/Data/Managed'
Mono path[1] = 'C:/Program Files/Unity/Hub/Editor/2020.3.3f1/Editor/Data/MonoBleedingEdge/lib/mono/unityjit'
Mono config path = 'C:/Program Files/Unity/Hub/Editor/2020.3.3f1/Editor/Data/MonoBleedingEdge/etc'
Using monoOptions --debugger-agent=transport=dt_socket,embedding=1,server=y,suspend=n,address=127.0.0.1:56480
Begin MonoManager ReloadAssembly
Registering precompiled unity dll's ...
Register platform support module: C:/Program Files/Unity/Hub/Editor/2020.3.3f1/Editor/Data/PlaybackEngines/WindowsStandaloneSupport/UnityEditor.WindowsStandalone.Extensions.dll
Registered in 0.001857 seconds.
Native extension for WindowsStandalone target not found
Refreshing native plugins compatible for Editor in 21.10 ms, found 0 plugins.
Preloading 0 native plugins for Editor in 0.00 ms.
Invoked RoslynAnalysisRunner static constructor.
RoslynAnalysisRunner will not be running.
RoslynAnalysisRunner has terminated.
Mono: successfully reloaded assembly
- Completed reload, in  1.556 seconds
Platform modules already initialized, skipping
Registering precompiled user dll's ...
Registered in 0.000472 seconds.
Begin MonoManager ReloadAssembly
Native extension for WindowsStandalone target not found
Refreshing native plugins compatible for Editor in 0.24 ms, found 0 plugins.
Preloading 0 native plugins for Editor in 0.00 ms.
Invoked RoslynAnalysisRunner static constructor.
RoslynAnalysisRunner will not be running.
RoslynAnalysisRunner has terminated.
Mono: successfully reloaded assembly
- Completed reload, in  0.646 seconds
Platform modules already initialized, skipping
========================================================================
Worker process is ready to serve import requests
Launched and connected shader compiler UnityShaderCompiler.exe after 0.03 seconds
Refreshing native plugins compatible for Editor in 0.24 ms, found 0 plugins.
Preloading 0 native plugins for Editor in 0.00 ms.
Unloading 1134 Unused Serialized files (Serialized files now loaded: 0)
System memory in use before: 128.8 MB.
System memory in use after: 128.8 MB.

Unloading 9 unused Assets to reduce memory usage. Loaded Objects now: 1584.
Total: 1.986700 ms (FindLiveObjects: 0.252900 ms CreateObjectMapping: 0.043100 ms MarkObjects: 1.616400 ms  DeleteObjects: 0.073100 ms)

========================================================================
Received Import Request.
  path: Assets/Prefabs/Start.prefab
  artifactKey: Guid(031d409bd10bf7948b9f71f3e0645ba4) Importer(815301076,1909f56bfc062723c751e8b465ee728b)
Start importing Assets/Prefabs/Start.prefab using Guid(031d409bd10bf7948b9f71f3e0645ba4) Importer(815301076,1909f56bfc062723c751e8b465ee728b)  -> (artifact id: 'b45f2c6c3c07aa7742e2c614ff831109') in 0.107367 seconds
  Import took 0.110128 seconds .

========================================================================
Received Prepare
Refreshing native plugins compatible for Editor in 0.72 ms, found 0 plugins.
Preloading 0 native plugins for Editor in 0.00 ms.
Unloading 3 Unused Serialized files (Serialized files now loaded: 0)
System memory in use before: 109.5 MB.
System memory in use after: 109.6 MB.

Unloading 2 unused Assets to reduce memory usage. Loaded Objects now: 1592.
Total: 1.771300 ms (FindLiveObjects: 0.165600 ms CreateObjectMapping: 0.025800 ms MarkObjects: 1.569100 ms  DeleteObjects: 0.009700 ms)

========================================================================
Received Import Request.
  Time since last request: 74.200237 seconds.
  path: Assets/NodeUI.cs
  artifactKey: Guid(c78952caeee357148a5406d6a4525d06) Importer(815301076,1909f56bfc062723c751e8b465ee728b)
Start importing Assets/NodeUI.cs using Guid(c78952caeee357148a5406d6a4525d06) Importer(815301076,1909f56bfc062723c751e8b465ee728b)  -> (artifact id: '0f5075fa53d89c256a7c81ef1ed0105d') in 0.008372 seconds
  Import took 0.012159 seconds .

========================================================================
Received Prepare
Registering precompiled user dll's ...
Registered in 0.000497 seconds.
Begin MonoManager ReloadAssembly
Native extension for WindowsStandalone target not found
Refreshing native plugins compatible for Editor in 0.24 ms, found 0 plugins.
Preloading 0 native plugins for Editor in 0.00 ms.
Invoked RoslynAnalysisRunner static constructor.
RoslynAnalysisRunner will not be running.
RoslynAnalysisRunner has terminated.
Mono: successfully reloaded assembly
- Completed reload, in  0.635 seconds
Platform modules already initialized, skipping
Refreshing native plugins compatible for Editor in 0.26 ms, found 0 plugins.
Preloading 0 native plugins for Editor in 0.00 ms.
Unloading 1129 Unused Serialized files (Serialized files now loaded: 0)
System memory in use before: 131.8 MB.
System memory in use after: 131.9 MB.

Unloading 4 unused Assets to reduce memory usage. Loaded Objects now: 1595.
Total: 1.583700 ms (FindLiveObjects: 0.174900 ms CreateObjectMapping: 0.026300 ms MarkObjects: 1.368000 ms  DeleteObjects: 0.013500 ms)

========================================================================
Received Prepare
Registering precompiled user dll's ...
Registered in 0.000576 seconds.
Begin MonoManager ReloadAssembly
Native extension for WindowsStandalone target not found
Refreshing native plugins compatible for Editor in 0.24 ms, found 0 plugins.
Preloading 0 native plugins for Editor in 0.00 ms.
Invoked RoslynAnalysisRunner static constructor.
RoslynAnalysisRunner will not be running.
RoslynAnalysisRunner has terminated.
Mono: successfully reloaded assembly
- Completed reload, in  0.626 seconds
Platform modules already initialized, skipping
Refreshing native plugins compatible for Editor in 0.26 ms, found 0 plugins.
Preloading 0 native plugins for Editor in 0.00 ms.
Unloading 1129 Unused Serialized files (Serialized files now loaded: 0)
System memory in use before: 131.9 MB.
System memory in use after: 132.0 MB.

Unloading 4 unused Assets to reduce memory usage. Loaded Objects now: 1598.
Total: 1.927300 ms (FindLiveObjects: 0.367700 ms CreateObjectMapping: 0.039900 ms MarkObjects: 1.502700 ms  DeleteObjects: 0.015800 ms)

========================================================================
Received Import Request.
  Time since last request: 1474.107032 seconds.
  path: Assets/Scenes
  artifactKey: Guid(223066cbbd7b63648a45a437e38dc053) Importer(815301076,1909f56bfc062723c751e8b465ee728b)
Start importing Assets/Scenes using Guid(223066cbbd7b63648a45a437e38dc053) Importer(815301076,1909f56bfc062723c751e8b465ee728b)  -> (artifact id: '8e13aff338f38c9eef687ebc0e206d32') in 0.009228 seconds
  Import took 0.013885 seconds .

========================================================================
Received Import Request.
  Time since last request: 0.804622 seconds.
  path: Assets/Scripts
  artifactKey: Guid(8b4125db70eaf9b4f8c18387018de7ee) Importer(815301076,1909f56bfc062723c751e8b465ee728b)
Start importing Assets/Scripts using Guid(8b4125db70eaf9b4f8c18387018de7ee) Importer(815301076,1909f56bfc062723c751e8b465ee728b)  -> (artifact id: '368ba4c7260674da56961645e11d9c70') in 0.006176 seconds
  Import took 0.010040 seconds .

========================================================================
Received Import Request.
  Time since last request: 2.409289 seconds.
  path: Assets/Scripts/LivesUI.cs
  artifactKey: Guid(866877f2a0e21bd4392c8d17aa75f414) Importer(815301076,1909f56bfc062723c751e8b465ee728b)
Start importing Assets/Scripts/LivesUI.cs using Guid(866877f2a0e21bd4392c8d17aa75f414) Importer(815301076,1909f56bfc062723c751e8b465ee728b)  -> (artifact id: '9922c0d50e7628c587838474ae8e371a') in 0.006101 seconds
  Import took 0.010156 seconds .

========================================================================
Received Import Request.
  Time since last request: 0.445832 seconds.
  path: Assets/Scripts/MoneyUI.cs
  artifactKey: Guid(81a664bab625fc44fa6450464b27a711) Importer(815301076,1909f56bfc062723c751e8b465ee728b)
Start importing Assets/Scripts/MoneyUI.cs using Guid(81a664bab625fc44fa6450464b27a711) Importer(815301076,1909f56bfc062723c751e8b465ee728b)  -> (artifact id: 'a126a63545ccee4b85a818b6b69da0f3') in 0.006799 seconds
  Import took 0.011312 seconds .

========================================================================
Received Import Request.
  Time since last request: 1183.372308 seconds.
  path: Assets/Scripts/Node.cs
  artifactKey: Guid(374d5f554e3a7c24c83a8016b62469f1) Importer(815301076,1909f56bfc062723c751e8b465ee728b)
Start importing Assets/Scripts/Node.cs using Guid(374d5f554e3a7c24c83a8016b62469f1) Importer(815301076,1909f56bfc062723c751e8b465ee728b)  -> (artifact id: 'ba0c18f367493420a18801ad80bd14fa') in 0.002241 seconds
  Import took 0.006322 seconds .

========================================================================
Received Import Request.
  Time since last request: 0.001220 seconds.
  path: Assets/Scripts/Node.cs
  artifactKey: Guid(374d5f554e3a7c24c83a8016b62469f1) Importer(815301076,1909f56bfc062723c751e8b465ee728b)
Start importing Assets/Scripts/Node.cs using Guid(374d5f554e3a7c24c83a8016b62469f1) Importer(815301076,1909f56bfc062723c751e8b465ee728b)  -> (artifact id: 'ba0c18f367493420a18801ad80bd14fa') in 0.002115 seconds
  Import took 0.003943 seconds .

AssetImportWorkerClient::OnTransportError - code=2 error=End of file
